<?xml version="1.0" encoding="UTF-8" ?>
<testsuites>
  <testsuite errors="1" failures="0" hostname="adrian" id="0" name="AuthControllerSpec" package="rifa" tests="1" time="6.371" timestamp="2015-06-17T05:41:52">
      <properties />

      <testcase classname="rifa.AuthControllerSpec" name="test login redirection" time="6.3">
          <error message="Cannot invoke method validateUser() on null object" type="java.lang.NullPointerException">java.lang.NullPointerException: Cannot invoke method validateUser() on null object
	at rifa.AuthController.login(AuthController.groovy:11)
	at rifa.AuthControllerSpec.test login redirection(AuthControllerSpec.groovy:27)
</error>

      </testcase>

      <system-out><![CDATA[--Output from test login redirection--
]]></system-out>

      <system-err><![CDATA[--Output from test login redirection--
]]></system-err>

  </testsuite>
</testsuites>
