<?xml version="1.0" encoding="UTF-8" ?>
<testsuites>
  <testsuite errors="0" failures="0" hostname="adrian" id="0" name="AuthControllerSpec" package="rifa" tests="1" time="6.515" timestamp="2015-06-17T22:24:11">
      <properties />

      <testcase classname="rifa.AuthControllerSpec" name="test login redirection" time="6.408" />

      <system-out><![CDATA[--Output from test login redirection--
]]></system-out>

      <system-err><![CDATA[--Output from test login redirection--
]]></system-err>

  </testsuite>
</testsuites>
